1544386442793	mozrunner::runner	INFO	Running command: "/Applications/Firefox.app/Contents/MacOS/firefox-bin" "-marionette" "-headless" "-foreground" "-no-remote" "-profile" "/var/folders/9p/l8mzvp9d7rjfq5c9mcqqlmqh0000gn/T/rust_mozprofile.Dh3uE71nRQJH"
*** You are running in headless mode.
1544386446081	Marionette	INFO	Listening on port 54969
1544386446111	Marionette	WARN	TLS certificate errors will be ignored for this session
1544386547643	mozrunner::runner	INFO	Running command: "/Applications/Firefox.app/Contents/MacOS/firefox-bin" "-marionette" "-headless" "-foreground" "-no-remote" "-profile" "/var/folders/9p/l8mzvp9d7rjfq5c9mcqqlmqh0000gn/T/rust_mozprofile.zLzsIZSql6o8"
*** You are running in headless mode.
1544386551062	Marionette	INFO	Listening on port 55145
1544386551178	Marionette	WARN	TLS certificate errors will be ignored for this session
[GFX1-]: Receive IPC close with reason=AbnormalShutdown
[Child 11000, Chrome_ChildThread] WARNING: pipe error: Broken pipe: file /builds/worker/workspace/build/src/ipc/chromium/src/chrome/common/ipc_channel_posix.cc, line 729
[GFX1-]: Receive IPC close with reason=AbnormalShutdown
1544386637732	mozrunner::runner	INFO	Running command: "/Applications/Firefox.app/Contents/MacOS/firefox-bin" "-marionette" "-headless" "-foreground" "-no-remote" "-profile" "/var/folders/9p/l8mzvp9d7rjfq5c9mcqqlmqh0000gn/T/rust_mozprofile.drckPRFyjKVK"
*** You are running in headless mode.
1544386640833	Marionette	INFO	Listening on port 55311
1544386640941	Marionette	WARN	TLS certificate errors will be ignored for this session
console.error: BroadcastService: 
console.error: BroadcastService: 
  receivedBroadcastMessage: handler for
  remote-settings/monitor_changes
  threw error:
  Message: Error: Polling for changes failed: NetworkError when attempting to fetch resource..
  Stack:
    remoteSettingsFunction/remoteSettings.pollChanges@resource://services-settings/remote-settings.js:721:13

  receivedBroadcastMessage: handler for
  remote-settings/monitor_changes
  threw error:
  Message: Error: Polling for changes failed: NetworkError when attempting to fetch resource..
  Stack:
    remoteSettingsFunction/remoteSettings.pollChanges@resource://services-settings/remote-settings.js:721:13

1544386946355	mozrunner::runner	INFO	Running command: "/Applications/Firefox.app/Contents/MacOS/firefox-bin" "-marionette" "-headless" "-foreground" "-no-remote" "-profile" "/var/folders/9p/l8mzvp9d7rjfq5c9mcqqlmqh0000gn/T/rust_mozprofile.tHADN7w8VrXe"
*** You are running in headless mode.
1544386949166	Marionette	INFO	Listening on port 55486
1544386949306	Marionette	WARN	TLS certificate errors will be ignored for this session
[GFX1-]: Receive IPC close with reason=AbnormalShutdown
[GFX1-]: Receive IPC close with reason=AbnormalShutdown
1544387276063	mozrunner::runner	INFO	Running command: "/Applications/Firefox.app/Contents/MacOS/firefox-bin" "-marionette" "-headless" "-foreground" "-no-remote" "-profile" "/var/folders/9p/l8mzvp9d7rjfq5c9mcqqlmqh0000gn/T/rust_mozprofile.Q3mEmnjOhAv8"
*** You are running in headless mode.
1544387278625	Marionette	INFO	Listening on port 55638
1544387278646	Marionette	WARN	TLS certificate errors will be ignored for this session
console.error: BroadcastService: 
  receivedBroadcastMessage: handler for
  remote-settings/monitor_changes
  threw error:
  Message: Error: Polling for changes failed: NetworkError when attempting to fetch resource..
  Stack:
    remoteSettingsFunction/remoteSettings.pollChanges@resource://services-settings/remote-settings.js:721:13

1544387547381	mozrunner::runner	INFO	Running command: "/Applications/Firefox.app/Contents/MacOS/firefox-bin" "-marionette" "-headless" "-foreground" "-no-remote" "-profile" "/var/folders/9p/l8mzvp9d7rjfq5c9mcqqlmqh0000gn/T/rust_mozprofile.IXHl1PORrH31"
*** You are running in headless mode.
1544387549866	Marionette	INFO	Listening on port 55805
1544387549945	Marionette	WARN	TLS certificate errors will be ignored for this session
console.error: BroadcastService: 
  receivedBroadcastMessage: handler for
  remote-settings/monitor_changes
  threw error:
  Message: Error: Polling for changes failed: NetworkError when attempting to fetch resource..
  Stack:
    remoteSettingsFunction/remoteSettings.pollChanges@resource://services-settings/remote-settings.js:721:13

1544388789787	mozrunner::runner	INFO	Running command: "/Applications/Firefox.app/Contents/MacOS/firefox-bin" "-marionette" "-headless" "-foreground" "-no-remote" "-profile" "/var/folders/9p/l8mzvp9d7rjfq5c9mcqqlmqh0000gn/T/rust_mozprofile.yGeKHPokonDj"
*** You are running in headless mode.
1544388794415	Marionette	INFO	Listening on port 56044
1544388794534	Marionette	WARN	TLS certificate errors will be ignored for this session
[GFX1-]: Receive IPC close with reason=AbnormalShutdown
[GFX1-]: Receive IPC close with reason=AbnormalShutdown
[Child 11247, Chrome_ChildThread] WARNING: pipe error: Broken pipe: file /builds/worker/workspace/build/src/ipc/chromium/src/chrome/common/ipc_channel_posix.cc, line 729
1544389040235	mozrunner::runner	INFO	Running command: "/Applications/Firefox.app/Contents/MacOS/firefox-bin" "-marionette" "-headless" "-foreground" "-no-remote" "-profile" "/var/folders/9p/l8mzvp9d7rjfq5c9mcqqlmqh0000gn/T/rust_mozprofile.OLGy2IcR8gO0"
*** You are running in headless mode.
1544389042788	Marionette	INFO	Listening on port 56258
1544389042828	Marionette	WARN	TLS certificate errors will be ignored for this session
console.error: BroadcastService: 
  receivedBroadcastMessage: handler for
  remote-settings/monitor_changes
  threw error:
  Message: Error: Polling for changes failed: NetworkError when attempting to fetch resource..
  Stack:
    remoteSettingsFunction/remoteSettings.pollChanges@resource://services-settings/remote-settings.js:721:13

1544397949490	mozrunner::runner	INFO	Running command: "/Applications/Firefox.app/Contents/MacOS/firefox-bin" "-marionette" "-headless" "-foreground" "-no-remote" "-profile" "/var/folders/9p/l8mzvp9d7rjfq5c9mcqqlmqh0000gn/T/rust_mozprofile.cEFBx4YhYwMY"
*** You are running in headless mode.
1544397955240	Marionette	INFO	Listening on port 57789
1544397955276	Marionette	WARN	TLS certificate errors will be ignored for this session
console.error: BroadcastService: 
  receivedBroadcastMessage: handler for
  remote-settings/monitor_changes
  threw error:
  Message: Error: Polling for changes failed: NetworkError when attempting to fetch resource..
  Stack:
    remoteSettingsFunction/remoteSettings.pollChanges@resource://services-settings/remote-settings.js:721:13

1544398482678	mozrunner::runner	INFO	Running command: "/Applications/Firefox.app/Contents/MacOS/firefox-bin" "-marionette" "-headless" "-foreground" "-no-remote" "-profile" "/var/folders/9p/l8mzvp9d7rjfq5c9mcqqlmqh0000gn/T/rust_mozprofile.BmEBrbe8iLRb"
*** You are running in headless mode.
1544398486192	Marionette	INFO	Listening on port 58025
1544398486279	Marionette	WARN	TLS certificate errors will be ignored for this session
1544398538607	mozrunner::runner	INFO	Running command: "/Applications/Firefox.app/Contents/MacOS/firefox-bin" "-marionette" "-headless" "-foreground" "-no-remote" "-profile" "/var/folders/9p/l8mzvp9d7rjfq5c9mcqqlmqh0000gn/T/rust_mozprofile.wB6SLLrKBztX"
*** You are running in headless mode.
1544398541609	Marionette	INFO	Listening on port 58156
1544398541722	Marionette	WARN	TLS certificate errors will be ignored for this session
console.error: BroadcastService: 
  receivedBroadcastMessage: handler for
  remote-settings/monitor_changes
  threw error:
  Message: Error: Polling for changes failed: NetworkError when attempting to fetch resource..
  Stack:
    remoteSettingsFunction/remoteSettings.pollChanges@resource://services-settings/remote-settings.js:721:13

console.error: BroadcastService: 
  receivedBroadcastMessage: handler for
  remote-settings/monitor_changes
  threw error:
  Message: Error: Polling for changes failed: NetworkError when attempting to fetch resource..
  Stack:
    remoteSettingsFunction/remoteSettings.pollChanges@resource://services-settings/remote-settings.js:721:13

1544398584758	mozrunner::runner	INFO	Running command: "/Applications/Firefox.app/Contents/MacOS/firefox-bin" "-marionette" "-headless" "-foreground" "-no-remote" "-profile" "/var/folders/9p/l8mzvp9d7rjfq5c9mcqqlmqh0000gn/T/rust_mozprofile.SpCgw3WbSrtK"
*** You are running in headless mode.
1544398588276	Marionette	INFO	Listening on port 58287
1544398588389	Marionette	WARN	TLS certificate errors will be ignored for this session
[GFX1-]: Receive IPC close with reason=AbnormalShutdown
1544398682057	mozrunner::runner	INFO	Running command: "/Applications/Firefox.app/Contents/MacOS/firefox-bin" "-marionette" "-headless" "-foreground" "-no-remote" "-profile" "/var/folders/9p/l8mzvp9d7rjfq5c9mcqqlmqh0000gn/T/rust_mozprofile.jigR2WbnfFWN"
*** You are running in headless mode.
1544398682567	mozrunner::runner	INFO	Running command: "/Applications/Firefox.app/Contents/MacOS/firefox-bin" "-marionette" "-headless" "-foreground" "-no-remote" "-profile" "/var/folders/9p/l8mzvp9d7rjfq5c9mcqqlmqh0000gn/T/rust_mozprofile.7VaorPqRo5oH"
*** You are running in headless mode.
1544398687588	Marionette	INFO	Listening on port 58436
1544398687673	Marionette	WARN	TLS certificate errors will be ignored for this session
1544398688322	Marionette	INFO	Listening on port 58450
1544398688352	Marionette	WARN	TLS certificate errors will be ignored for this session
console.error: BroadcastService: 
console.error: BroadcastService: 
  receivedBroadcastMessage: handler for
  remote-settings/monitor_changes
  receivedBroadcastMessage: handler for
  threw error:
  remote-settings/monitor_changes
  Message: Error: Polling for changes failed: NetworkError when attempting to fetch resource..
  Stack:
    remoteSettingsFunction/remoteSettings.pollChanges@resource://services-settings/remote-settings.js:721:13

  threw error:
  Message: Error: Polling for changes failed: NetworkError when attempting to fetch resource..
  Stack:
    remoteSettingsFunction/remoteSettings.pollChanges@resource://services-settings/remote-settings.js:721:13

[GFX1-]: Receive IPC close with reason=AbnormalShutdown
[GFX1-]: Receive IPC close with reason=AbnormalShutdown
1544399075064	mozrunner::runner	INFO	Running command: "/Applications/Firefox.app/Contents/MacOS/firefox-bin" "-marionette" "-headless" "-foreground" "-no-remote" "-profile" "/var/folders/9p/l8mzvp9d7rjfq5c9mcqqlmqh0000gn/T/rust_mozprofile.Jue7zRywk3dP"
*** You are running in headless mode.
1544399077802	Marionette	INFO	Listening on port 58813
1544399077868	Marionette	WARN	TLS certificate errors will be ignored for this session
console.error: BroadcastService: 
  receivedBroadcastMessage: handler for
  remote-settings/monitor_changes
  threw error:
  Message: Error: Polling for changes failed: NetworkError when attempting to fetch resource..
  Stack:
    remoteSettingsFunction/remoteSettings.pollChanges@resource://services-settings/remote-settings.js:721:13

[GFX1-]: Receive IPC close with reason=AbnormalShutdown
[GFX1-]: Receive IPC close with reason=AbnormalShutdown
[GFX1-]: Receive IPC close with reason=AbnormalShutdown
[Child 12337, Chrome_ChildThread] WARNING: pipe error: Broken pipe: file /builds/worker/workspace/build/src/ipc/chromium/src/chrome/common/ipc_channel_posix.cc, line 729
1544399870626	mozrunner::runner	INFO	Running command: "/Applications/Firefox.app/Contents/MacOS/firefox-bin" "-marionette" "-headless" "-foreground" "-no-remote" "-profile" "/var/folders/9p/l8mzvp9d7rjfq5c9mcqqlmqh0000gn/T/rust_mozprofile.VBXkf69vbc49"
*** You are running in headless mode.
1544399874017	Marionette	INFO	Listening on port 59055
1544399874058	Marionette	WARN	TLS certificate errors will be ignored for this session
console.error: BroadcastService: 
  receivedBroadcastMessage: handler for
  remote-settings/monitor_changes
  threw error:
  Message: Error: Polling for changes failed: NetworkError when attempting to fetch resource..
  Stack:
    remoteSettingsFunction/remoteSettings.pollChanges@resource://services-settings/remote-settings.js:721:13

1544400752376	mozrunner::runner	INFO	Running command: "/Applications/Firefox.app/Contents/MacOS/firefox-bin" "-marionette" "-headless" "-foreground" "-no-remote" "-profile" "/var/folders/9p/l8mzvp9d7rjfq5c9mcqqlmqh0000gn/T/rust_mozprofile.fEqfylubgnxA"
*** You are running in headless mode.
1544400756126	Marionette	INFO	Listening on port 59299
1544400756194	Marionette	WARN	TLS certificate errors will be ignored for this session
console.error: BroadcastService: 
  receivedBroadcastMessage: handler for
  remote-settings/monitor_changes
  threw error:
  Message: Error: Polling for changes failed: NetworkError when attempting to fetch resource..
  Stack:
    remoteSettingsFunction/remoteSettings.pollChanges@resource://services-settings/remote-settings.js:721:13

[GFX1-]: Receive IPC close with reason=AbnormalShutdown
[Child 12508, Chrome_ChildThread] WARNING: pipe error: Broken pipe: file /builds/worker/workspace/build/src/ipc/chromium/src/chrome/common/ipc_channel_posix.cc, line 729
1544409123041	mozrunner::runner	INFO	Running command: "/Applications/Firefox.app/Contents/MacOS/firefox-bin" "-marionette" "-headless" "-foreground" "-no-remote" "-profile" "/var/folders/9p/l8mzvp9d7rjfq5c9mcqqlmqh0000gn/T/rust_mozprofile.CB7CkcxO3qqP"
*** You are running in headless mode.
1544409126124	Marionette	INFO	Listening on port 60822
1544409126137	Marionette	WARN	TLS certificate errors will be ignored for this session
console.error: BroadcastService: 
  receivedBroadcastMessage: handler for
  remote-settings/monitor_changes
  threw error:
  Message: Error: Polling for changes failed: NetworkError when attempting to fetch resource..
  Stack:
    remoteSettingsFunction/remoteSettings.pollChanges@resource://services-settings/remote-settings.js:721:13

[GFX1-]: Receive IPC close with reason=AbnormalShutdown
[Child 13236, Chrome_ChildThread] WARNING: pipe error: Broken pipe: file /builds/worker/workspace/build/src/ipc/chromium/src/chrome/common/ipc_channel_posix.cc, line 729
1544409991743	mozrunner::runner	INFO	Running command: "/Applications/Firefox.app/Contents/MacOS/firefox-bin" "-marionette" "-headless" "-foreground" "-no-remote" "-profile" "/var/folders/9p/l8mzvp9d7rjfq5c9mcqqlmqh0000gn/T/rust_mozprofile.cWffTYckVPDW"
*** You are running in headless mode.
1544409995216	Marionette	INFO	Listening on port 61021
1544409995262	Marionette	WARN	TLS certificate errors will be ignored for this session
console.error: BroadcastService: 
  receivedBroadcastMessage: handler for
  remote-settings/monitor_changes
  threw error:
  Message: Error: Polling for changes failed: NetworkError when attempting to fetch resource..
  Stack:
    remoteSettingsFunction/remoteSettings.pollChanges@resource://services-settings/remote-settings.js:721:13

[GFX1-]: Receive IPC close with reason=AbnormalShutdown
1544410200092	mozrunner::runner	INFO	Running command: "/Applications/Firefox.app/Contents/MacOS/firefox-bin" "-marionette" "-headless" "-foreground" "-no-remote" "-profile" "/var/folders/9p/l8mzvp9d7rjfq5c9mcqqlmqh0000gn/T/rust_mozprofile.M2dDVv5r2hJ4"
*** You are running in headless mode.
1544410203022	Marionette	INFO	Listening on port 61170
1544410203101	Marionette	WARN	TLS certificate errors will be ignored for this session
console.error: BroadcastService: 
  receivedBroadcastMessage: handler for
  remote-settings/monitor_changes
  threw error:
  Message: Error: Polling for changes failed: NetworkError when attempting to fetch resource..
  Stack:
    remoteSettingsFunction/remoteSettings.pollChanges@resource://services-settings/remote-settings.js:721:13

1544412519309	mozrunner::runner	INFO	Running command: "/Applications/Firefox.app/Contents/MacOS/firefox-bin" "-marionette" "-headless" "-foreground" "-no-remote" "-profile" "/var/folders/9p/l8mzvp9d7rjfq5c9mcqqlmqh0000gn/T/rust_mozprofile.Vls0SQMYmBBq"
*** You are running in headless mode.
1544412522636	Marionette	INFO	Listening on port 61424
1544412522708	Marionette	WARN	TLS certificate errors will be ignored for this session
console.error: BroadcastService: 
  receivedBroadcastMessage: handler for
  remote-settings/monitor_changes
  threw error:
  Message: Error: Polling for changes failed: NetworkError when attempting to fetch resource..
  Stack:
    remoteSettingsFunction/remoteSettings.pollChanges@resource://services-settings/remote-settings.js:721:13

1544413075858	mozrunner::runner	INFO	Running command: "/Applications/Firefox.app/Contents/MacOS/firefox-bin" "-marionette" "-headless" "-foreground" "-no-remote" "-profile" "/var/folders/9p/l8mzvp9d7rjfq5c9mcqqlmqh0000gn/T/rust_mozprofile.vF8srG3LkYBR"
*** You are running in headless mode.
1544413079531	Marionette	INFO	Listening on port 61600
1544413079581	Marionette	WARN	TLS certificate errors will be ignored for this session
[GFX1-]: Receive IPC close with reason=AbnormalShutdown
[GFX1-]: Receive IPC close with reason=AbnormalShutdown
[Child 13656, Chrome_ChildThread] WARNING: pipe error: Broken pipe: file /builds/worker/workspace/build/src/ipc/chromium/src/chrome/common/ipc_channel_posix.cc, line 729
1544413187228	mozrunner::runner	INFO	Running command: "/Applications/Firefox.app/Contents/MacOS/firefox-bin" "-marionette" "-headless" "-foreground" "-no-remote" "-profile" "/var/folders/9p/l8mzvp9d7rjfq5c9mcqqlmqh0000gn/T/rust_mozprofile.VI3YTgi8uVam"
*** You are running in headless mode.
1544413190070	Marionette	INFO	Listening on port 61759
1544413190118	Marionette	WARN	TLS certificate errors will be ignored for this session
1544413442575	mozrunner::runner	INFO	Running command: "/Applications/Firefox.app/Contents/MacOS/firefox-bin" "-marionette" "-headless" "-foreground" "-no-remote" "-profile" "/var/folders/9p/l8mzvp9d7rjfq5c9mcqqlmqh0000gn/T/rust_mozprofile.2XSqcl5zQpPX"
*** You are running in headless mode.
1544413472959	mozrunner::runner	INFO	Running command: "/Applications/Firefox.app/Contents/MacOS/firefox-bin" "-marionette" "-headless" "-foreground" "-no-remote" "-profile" "/var/folders/9p/l8mzvp9d7rjfq5c9mcqqlmqh0000gn/T/rust_mozprofile.mL79tfQ4KTpz"
*** You are running in headless mode.
1544413476617	Marionette	INFO	Listening on port 61947
1544413476689	Marionette	WARN	TLS certificate errors will be ignored for this session
[GFX1-]: Receive IPC close with reason=AbnormalShutdown
[GFX1-]: Receive IPC close with reason=AbnormalShutdown
1544413734125	mozrunner::runner	INFO	Running command: "/Applications/Firefox.app/Contents/MacOS/firefox-bin" "-marionette" "-headless" "-foreground" "-no-remote" "-profile" "/var/folders/9p/l8mzvp9d7rjfq5c9mcqqlmqh0000gn/T/rust_mozprofile.5ZdX2zzBAz73"
*** You are running in headless mode.
1544413738142	Marionette	INFO	Listening on port 62722
1544413738158	Marionette	WARN	TLS certificate errors will be ignored for this session
[GFX1-]: Receive IPC close with reason=AbnormalShutdown
1544413921741	mozrunner::runner	INFO	Running command: "/Applications/Firefox.app/Contents/MacOS/firefox-bin" "-marionette" "-headless" "-foreground" "-no-remote" "-profile" "/var/folders/9p/l8mzvp9d7rjfq5c9mcqqlmqh0000gn/T/rust_mozprofile.8AduO2tb4zOV"
*** You are running in headless mode.
1544413925507	Marionette	INFO	Listening on port 63440
1544413925599	Marionette	WARN	TLS certificate errors will be ignored for this session
[GFX1-]: Receive IPC close with reason=AbnormalShutdown
[GFX1-]: Receive IPC close with reason=AbnormalShutdown
1544414065559	mozrunner::runner	INFO	Running command: "/Applications/Firefox.app/Contents/MacOS/firefox-bin" "-marionette" "-headless" "-foreground" "-no-remote" "-profile" "/var/folders/9p/l8mzvp9d7rjfq5c9mcqqlmqh0000gn/T/rust_mozprofile.Y35RhtZWIT0I"
*** You are running in headless mode.
1544414068640	Marionette	INFO	Listening on port 64128
1544414068660	Marionette	WARN	TLS certificate errors will be ignored for this session
1544414175065	mozrunner::runner	INFO	Running command: "/Applications/Firefox.app/Contents/MacOS/firefox-bin" "-marionette" "-headless" "-foreground" "-no-remote" "-profile" "/var/folders/9p/l8mzvp9d7rjfq5c9mcqqlmqh0000gn/T/rust_mozprofile.gxEWZWghPDQE"
*** You are running in headless mode.
1544414177861	Marionette	INFO	Listening on port 64270
1544414177870	Marionette	WARN	TLS certificate errors will be ignored for this session
console.error: BroadcastService: 
  receivedBroadcastMessage: handler for
  remote-settings/monitor_changes
  threw error:
  Message: Error: Polling for changes failed: NetworkError when attempting to fetch resource..
  Stack:
    remoteSettingsFunction/remoteSettings.pollChanges@resource://services-settings/remote-settings.js:721:13

console.error: BroadcastService: 
  receivedBroadcastMessage: handler for
  remote-settings/monitor_changes
  threw error:
  Message: Error: Polling for changes failed: NetworkError when attempting to fetch resource..
  Stack:
    remoteSettingsFunction/remoteSettings.pollChanges@resource://services-settings/remote-settings.js:721:13

1544414575552	mozrunner::runner	INFO	Running command: "/Applications/Firefox.app/Contents/MacOS/firefox-bin" "-marionette" "-headless" "-foreground" "-no-remote" "-profile" "/var/folders/9p/l8mzvp9d7rjfq5c9mcqqlmqh0000gn/T/rust_mozprofile.PyrM6OhsxYNH"
*** You are running in headless mode.
1544414580193	Marionette	INFO	Listening on port 64462
1544414580322	Marionette	WARN	TLS certificate errors will be ignored for this session
console.error: BroadcastService: 
  receivedBroadcastMessage: handler for
  remote-settings/monitor_changes
  threw error:
  Message: Error: Polling for changes failed: NetworkError when attempting to fetch resource..
  Stack:
    remoteSettingsFunction/remoteSettings.pollChanges@resource://services-settings/remote-settings.js:721:13

1544415201940	mozrunner::runner	INFO	Running command: "/Applications/Firefox.app/Contents/MacOS/firefox-bin" "-marionette" "-headless" "-foreground" "-no-remote" "-profile" "/var/folders/9p/l8mzvp9d7rjfq5c9mcqqlmqh0000gn/T/rust_mozprofile.ANG0C1ju1NC4"
*** You are running in headless mode.
1544415204862	Marionette	INFO	Listening on port 64678
1544415205020	Marionette	WARN	TLS certificate errors will be ignored for this session
1544415314365	mozrunner::runner	INFO	Running command: "/Applications/Firefox.app/Contents/MacOS/firefox-bin" "-marionette" "-headless" "-foreground" "-no-remote" "-profile" "/var/folders/9p/l8mzvp9d7rjfq5c9mcqqlmqh0000gn/T/rust_mozprofile.ujgzKD1vgpCR"
*** You are running in headless mode.
1544415317765	Marionette	INFO	Listening on port 64823
1544415317874	Marionette	WARN	TLS certificate errors will be ignored for this session
[GFX1-]: Receive IPC close with reason=AbnormalShutdown
[GFX1-]: Receive IPC close with reason=AbnormalShutdown
[GFX1-]: Receive IPC close with reason=AbnormalShutdown
1544415738740	mozrunner::runner	INFO	Running command: "/Applications/Firefox.app/Contents/MacOS/firefox-bin" "-marionette" "-headless" "-foreground" "-no-remote" "-profile" "/var/folders/9p/l8mzvp9d7rjfq5c9mcqqlmqh0000gn/T/rust_mozprofile.UuUdFedWwJlP"
*** You are running in headless mode.
1544415742037	Marionette	INFO	Listening on port 64998
1544415742075	Marionette	WARN	TLS certificate errors will be ignored for this session
[GFX1-]: Receive IPC close with reason=AbnormalShutdown
[GFX1-]: Receive IPC close with reason=AbnormalShutdown
[GFX1-]: Receive IPC close with reason=AbnormalShutdown
1544416657516	mozrunner::runner	INFO	Running command: "/Applications/Firefox.app/Contents/MacOS/firefox-bin" "-marionette" "-headless" "-foreground" "-no-remote" "-profile" "/var/folders/9p/l8mzvp9d7rjfq5c9mcqqlmqh0000gn/T/rust_mozprofile.yo2XMEhlRe6m"
*** You are running in headless mode.
1544416661096	Marionette	INFO	Listening on port 65297
1544416661169	Marionette	WARN	TLS certificate errors will be ignored for this session
1544416674788	mozrunner::runner	INFO	Running command: "/Applications/Firefox.app/Contents/MacOS/firefox-bin" "-marionette" "-headless" "-foreground" "-no-remote" "-profile" "/var/folders/9p/l8mzvp9d7rjfq5c9mcqqlmqh0000gn/T/rust_mozprofile.FfMnZLwknXG4"
*** You are running in headless mode.
1544416678943	Marionette	INFO	Listening on port 65430
1544416679039	Marionette	WARN	TLS certificate errors will be ignored for this session
[GFX1-]: Receive IPC close with reason=AbnormalShutdown
[GFX1-]: Receive IPC close with reason=AbnormalShutdown
[GFX1-]: Receive IPC close with reason=AbnormalShutdown
[GFX1-]: Receive IPC close with reason=AbnormalShutdown
[GFX1-]: Receive IPC close with reason=AbnormalShutdown
1544416742539	mozrunner::runner	INFO	Running command: "/Applications/Firefox.app/Contents/MacOS/firefox-bin" "-marionette" "-headless" "-foreground" "-no-remote" "-profile" "/var/folders/9p/l8mzvp9d7rjfq5c9mcqqlmqh0000gn/T/rust_mozprofile.kHWdyfUt5ISq"
*** You are running in headless mode.
1544416745790	Marionette	INFO	Listening on port 49222
1544416745846	Marionette	WARN	TLS certificate errors will be ignored for this session
console.error: BroadcastService: 
  receivedBroadcastMessage: handler for
  remote-settings/monitor_changes
  threw error:
  Message: Error: Polling for changes failed: NetworkError when attempting to fetch resource..
  Stack:
    remoteSettingsFunction/remoteSettings.pollChanges@resource://services-settings/remote-settings.js:721:13

<<<<<<< Updated upstream
1544427970962	mozrunner::runner	INFO	Running command: "/Applications/Firefox.app/Contents/MacOS/firefox-bin" "-marionette" "-headless" "-foreground" "-no-remote" "-profile" "/var/folders/zh/gddtd2t56tzbcz0rpzyzp9b80000gn/T/rust_mozprofile.il8EHrstRvJp"
*** You are running in headless mode.
1544427971538	Marionette	INFO	Enabled via --marionette
2018-12-10 01:46:12.396 plugin-container[9493:240503] *** CFMessagePort: bootstrap_register(): failed 1100 (0x44c) 'Permission denied', port = 0xa037, name = 'com.apple.tsm.portname'
See /usr/include/servers/bootstrap_defs.h for the error codes.
1544427972936	Marionette	INFO	Listening on port 55440
1544427973004	Marionette	WARN	TLS certificate errors will be ignored for this session
2018-12-10 01:46:13.317 plugin-container[9494:240591] *** CFMessagePort: bootstrap_register(): failed 1100 (0x44c) 'Permission denied', port = 0x9b2f, name = 'com.apple.tsm.portname'
See /usr/include/servers/bootstrap_defs.h for the error codes.
1544427974742	mozrunner::runner	INFO	Running command: "/Applications/Firefox.app/Contents/MacOS/firefox-bin" "-marionette" "-headless" "-foreground" "-no-remote" "-profile" "/var/folders/zh/gddtd2t56tzbcz0rpzyzp9b80000gn/T/rust_mozprofile.UwHKfFZhT7O5"
*** You are running in headless mode.
1544427975196	Marionette	INFO	Enabled via --marionette
2018-12-10 01:46:16.124 plugin-container[9500:240807] *** CFMessagePort: bootstrap_register(): failed 1100 (0x44c) 'Permission denied', port = 0xa03f, name = 'com.apple.tsm.portname'
See /usr/include/servers/bootstrap_defs.h for the error codes.
1544427976758	Marionette	INFO	Listening on port 55491
1544427976804	Marionette	WARN	TLS certificate errors will be ignored for this session
2018-12-10 01:46:17.370 plugin-container[9501:240986] *** CFMessagePort: bootstrap_register(): failed 1100 (0x44c) 'Permission denied', port = 0x9d2b, name = 'com.apple.tsm.portname'
See /usr/include/servers/bootstrap_defs.h for the error codes.
1544428426910	mozrunner::runner	INFO	Running command: "/Applications/Firefox.app/Contents/MacOS/firefox-bin" "-marionette" "-headless" "-foreground" "-no-remote" "-profile" "/var/folders/zh/gddtd2t56tzbcz0rpzyzp9b80000gn/T/rust_mozprofile.Ib9Nqfb4ABsW"
*** You are running in headless mode.
1544428427342	Marionette	INFO	Enabled via --marionette
2018-12-10 01:53:47.960 plugin-container[9793:252385] *** CFMessagePort: bootstrap_register(): failed 1100 (0x44c) 'Permission denied', port = 0xa137, name = 'com.apple.tsm.portname'
See /usr/include/servers/bootstrap_defs.h for the error codes.
1544428428256	Marionette	INFO	Listening on port 55839
1544428428332	Marionette	WARN	TLS certificate errors will be ignored for this session
2018-12-10 01:53:48.915 plugin-container[9795:252511] *** CFMessagePort: bootstrap_register(): failed 1100 (0x44c) 'Permission denied', port = 0x9d37, name = 'com.apple.tsm.portname'
See /usr/include/servers/bootstrap_defs.h for the error codes.
1544428446516	mozrunner::runner	INFO	Running command: "/Applications/Firefox.app/Contents/MacOS/firefox-bin" "-marionette" "-headless" "-foreground" "-no-remote" "-profile" "/var/folders/zh/gddtd2t56tzbcz0rpzyzp9b80000gn/T/rust_mozprofile.nn6Sge5ISffy"
*** You are running in headless mode.
1544428446970	Marionette	INFO	Enabled via --marionette
2018-12-10 01:54:07.731 plugin-container[9865:253048] *** CFMessagePort: bootstrap_register(): failed 1100 (0x44c) 'Permission denied', port = 0xa237, name = 'com.apple.tsm.portname'
See /usr/include/servers/bootstrap_defs.h for the error codes.
1544428448042	Marionette	INFO	Listening on port 55885
1544428448148	Marionette	WARN	TLS certificate errors will be ignored for this session
2018-12-10 01:54:08.587 plugin-container[9866:253125] *** CFMessagePort: bootstrap_register(): failed 1100 (0x44c) 'Permission denied', port = 0x9d33, name = 'com.apple.tsm.portname'
See /usr/include/servers/bootstrap_defs.h for the error codes.
1544428485667	mozrunner::runner	INFO	Running command: "/Applications/Firefox.app/Contents/MacOS/firefox-bin" "-marionette" "-headless" "-foreground" "-no-remote" "-profile" "/var/folders/zh/gddtd2t56tzbcz0rpzyzp9b80000gn/T/rust_mozprofile.EBlJLBf3RBCY"
*** You are running in headless mode.
1544428486128	Marionette	INFO	Enabled via --marionette
2018-12-10 01:54:46.778 plugin-container[9944:254860] *** CFMessagePort: bootstrap_register(): failed 1100 (0x44c) 'Permission denied', port = 0xa137, name = 'com.apple.tsm.portname'
See /usr/include/servers/bootstrap_defs.h for the error codes.
1544428487070	Marionette	INFO	Listening on port 55964
1544428487106	Marionette	WARN	TLS certificate errors will be ignored for this session
2018-12-10 01:54:47.705 plugin-container[9946:254978] *** CFMessagePort: bootstrap_register(): failed 1100 (0x44c) 'Permission denied', port = 0x9c3b, name = 'com.apple.tsm.portname'
See /usr/include/servers/bootstrap_defs.h for the error codes.
1544428907703	mozrunner::runner	INFO	Running command: "/Applications/Firefox.app/Contents/MacOS/firefox-bin" "-marionette" "-headless" "-foreground" "-no-remote" "-profile" "/var/folders/zh/gddtd2t56tzbcz0rpzyzp9b80000gn/T/rust_mozprofile.aXKe92e8FCwG"
*** You are running in headless mode.
1544428908204	Marionette	INFO	Enabled via --marionette
2018-12-10 02:01:48.877 plugin-container[10810:263448] *** CFMessagePort: bootstrap_register(): failed 1100 (0x44c) 'Permission denied', port = 0xa137, name = 'com.apple.tsm.portname'
See /usr/include/servers/bootstrap_defs.h for the error codes.
1544428909160	Marionette	INFO	Listening on port 56171
1544428909240	Marionette	WARN	TLS certificate errors will be ignored for this session
2018-12-10 02:01:49.826 plugin-container[10812:263546] *** CFMessagePort: bootstrap_register(): failed 1100 (0x44c) 'Permission denied', port = 0x9d37, name = 'com.apple.tsm.portname'
See /usr/include/servers/bootstrap_defs.h for the error codes.
1544428910013	mozrunner::runner	INFO	Running command: "/Applications/Firefox.app/Contents/MacOS/firefox-bin" "-marionette" "-headless" "-foreground" "-no-remote" "-profile" "/var/folders/zh/gddtd2t56tzbcz0rpzyzp9b80000gn/T/rust_mozprofile.4DHo3YE1pycC"
*** You are running in headless mode.
1544428910436	Marionette	INFO	Enabled via --marionette
2018-12-10 02:01:51.360 plugin-container[10817:263653] *** CFMessagePort: bootstrap_register(): failed 1100 (0x44c) 'Permission denied', port = 0xa03b, name = 'com.apple.tsm.portname'
See /usr/include/servers/bootstrap_defs.h for the error codes.
1544428911708	Marionette	INFO	Listening on port 56209
1544428911750	Marionette	WARN	TLS certificate errors will be ignored for this session
2018-12-10 02:01:52.161 plugin-container[10818:263813] *** CFMessagePort: bootstrap_register(): failed 1100 (0x44c) 'Permission denied', port = 0x9d33, name = 'com.apple.tsm.portname'
See /usr/include/servers/bootstrap_defs.h for the error codes.
1544429001546	mozrunner::runner	INFO	Running command: "/Applications/Firefox.app/Contents/MacOS/firefox-bin" "-marionette" "-headless" "-foreground" "-no-remote" "-profile" "/var/folders/zh/gddtd2t56tzbcz0rpzyzp9b80000gn/T/rust_mozprofile.YeFD01RrMmFO"
*** You are running in headless mode.
1544429002060	Marionette	INFO	Enabled via --marionette
2018-12-10 02:03:22.704 plugin-container[10963:265705] *** CFMessagePort: bootstrap_register(): failed 1100 (0x44c) 'Permission denied', port = 0xa037, name = 'com.apple.tsm.portname'
See /usr/include/servers/bootstrap_defs.h for the error codes.
1544429003032	Marionette	INFO	Listening on port 56287
1544429003082	Marionette	WARN	TLS certificate errors will be ignored for this session
2018-12-10 02:03:23.644 plugin-container[10965:265799] *** CFMessagePort: bootstrap_register(): failed 1100 (0x44c) 'Permission denied', port = 0x9c37, name = 'com.apple.tsm.portname'
See /usr/include/servers/bootstrap_defs.h for the error codes.
=======
[GFX1-]: Receive IPC close with reason=AbnormalShutdown
[GFX1-]: Receive IPC close with reason=AbnormalShutdown
1544416949877	mozrunner::runner	INFO	Running command: "/Applications/Firefox.app/Contents/MacOS/firefox-bin" "-marionette" "-headless" "-foreground" "-no-remote" "-profile" "/var/folders/9p/l8mzvp9d7rjfq5c9mcqqlmqh0000gn/T/rust_mozprofile.iHGp8ujiQYJF"
*** You are running in headless mode.
1544416954460	Marionette	INFO	Listening on port 49373
1544416954525	Marionette	WARN	TLS certificate errors will be ignored for this session
console.error: BroadcastService: 
  receivedBroadcastMessage: handler for
  remote-settings/monitor_changes
  threw error:
  Message: Error: Polling for changes failed: NetworkError when attempting to fetch resource..
  Stack:
    remoteSettingsFunction/remoteSettings.pollChanges@resource://services-settings/remote-settings.js:721:13

1544417142300	mozrunner::runner	INFO	Running command: "/Applications/Firefox.app/Contents/MacOS/firefox-bin" "-marionette" "-headless" "-foreground" "-no-remote" "-profile" "/var/folders/9p/l8mzvp9d7rjfq5c9mcqqlmqh0000gn/T/rust_mozprofile.b74RWouaM9Hq"
*** You are running in headless mode.
1544417145334	Marionette	INFO	Listening on port 49528
1544417145431	Marionette	WARN	TLS certificate errors will be ignored for this session
1544417194287	mozrunner::runner	INFO	Running command: "/Applications/Firefox.app/Contents/MacOS/firefox-bin" "-marionette" "-headless" "-foreground" "-no-remote" "-profile" "/var/folders/9p/l8mzvp9d7rjfq5c9mcqqlmqh0000gn/T/rust_mozprofile.fa7o9LUMMGDQ"
*** You are running in headless mode.
1544417199081	Marionette	INFO	Listening on port 49671
1544417199200	Marionette	WARN	TLS certificate errors will be ignored for this session
console.error: BroadcastService: 
  receivedBroadcastMessage: handler for
  remote-settings/monitor_changes
  threw error:
  Message: Error: Polling for changes failed: NetworkError when attempting to fetch resource..
  Stack:
    remoteSettingsFunction/remoteSettings.pollChanges@resource://services-settings/remote-settings.js:721:13

console.error: BroadcastService: 
  receivedBroadcastMessage: handler for
  remote-settings/monitor_changes
  threw error:
  Message: Error: Polling for changes failed: NetworkError when attempting to fetch resource..
  Stack:
    remoteSettingsFunction/remoteSettings.pollChanges@resource://services-settings/remote-settings.js:721:13

1544419476745	mozrunner::runner	INFO	Running command: "/Applications/Firefox.app/Contents/MacOS/firefox-bin" "-marionette" "-headless" "-foreground" "-no-remote" "-profile" "/var/folders/9p/l8mzvp9d7rjfq5c9mcqqlmqh0000gn/T/rust_mozprofile.uvaVyuV5ZEns"
*** You are running in headless mode.
1544419481998	Marionette	INFO	Listening on port 50447
1544419482020	Marionette	WARN	TLS certificate errors will be ignored for this session
1544419803492	mozrunner::runner	INFO	Running command: "/Applications/Firefox.app/Contents/MacOS/firefox-bin" "-marionette" "-headless" "-foreground" "-no-remote" "-profile" "/var/folders/9p/l8mzvp9d7rjfq5c9mcqqlmqh0000gn/T/rust_mozprofile.BReBaRBcxVgG"
*** You are running in headless mode.
1544419808226	Marionette	INFO	Listening on port 50632
1544419808335	Marionette	WARN	TLS certificate errors will be ignored for this session
1544419865656	mozrunner::runner	INFO	Running command: "/Applications/Firefox.app/Contents/MacOS/firefox-bin" "-marionette" "-headless" "-foreground" "-no-remote" "-profile" "/var/folders/9p/l8mzvp9d7rjfq5c9mcqqlmqh0000gn/T/rust_mozprofile.aOm9w854dQoK"
*** You are running in headless mode.
1544419868563	Marionette	INFO	Listening on port 50788
1544419868661	Marionette	WARN	TLS certificate errors will be ignored for this session
console.error: BroadcastService: 
  receivedBroadcastMessage: handler for
  remote-settings/monitor_changes
  threw error:
  Message: Error: Polling for changes failed: NetworkError when attempting to fetch resource..
  Stack:
    remoteSettingsFunction/remoteSettings.pollChanges@resource://services-settings/remote-settings.js:721:13

console.error: BroadcastService: 
  receivedBroadcastMessage: handler for
  remote-settings/monitor_changes
  threw error:
  Message: Error: Polling for changes failed: NetworkError when attempting to fetch resource..
  Stack:
    remoteSettingsFunction/remoteSettings.pollChanges@resource://services-settings/remote-settings.js:721:13

console.error: BroadcastService: 
  receivedBroadcastMessage: handler for
  remote-settings/monitor_changes
  threw error:
  Message: Error: Polling for changes failed: NetworkError when attempting to fetch resource..
  Stack:
    remoteSettingsFunction/remoteSettings.pollChanges@resource://services-settings/remote-settings.js:721:13

1544420149613	mozrunner::runner	INFO	Running command: "/Applications/Firefox.app/Contents/MacOS/firefox-bin" "-marionette" "-headless" "-foreground" "-no-remote" "-profile" "/var/folders/9p/l8mzvp9d7rjfq5c9mcqqlmqh0000gn/T/rust_mozprofile.KJEartvKfdZt"
*** You are running in headless mode.
1544420153170	Marionette	INFO	Listening on port 50933
1544420153234	Marionette	WARN	TLS certificate errors will be ignored for this session
[GFX1-]: Receive IPC close with reason=AbnormalShutdown
[GFX1-]: Receive IPC close with reason=AbnormalShutdown
[GFX1-]: Receive IPC close with reason=AbnormalShutdown
1544420189600	mozrunner::runner	INFO	Running command: "/Applications/Firefox.app/Contents/MacOS/firefox-bin" "-marionette" "-headless" "-foreground" "-no-remote" "-profile" "/var/folders/9p/l8mzvp9d7rjfq5c9mcqqlmqh0000gn/T/rust_mozprofile.Q0MZ1AHvwHph"
*** You are running in headless mode.
1544420194129	Marionette	INFO	Listening on port 51009
1544420194230	Marionette	WARN	TLS certificate errors will be ignored for this session
1544420196901	mozrunner::runner	INFO	Running command: "/Applications/Firefox.app/Contents/MacOS/firefox-bin" "-marionette" "-headless" "-foreground" "-no-remote" "-profile" "/var/folders/9p/l8mzvp9d7rjfq5c9mcqqlmqh0000gn/T/rust_mozprofile.nLvNbiG29DTN"
*** You are running in headless mode.
1544420200180	Marionette	INFO	Listening on port 51086
1544420200210	Marionette	WARN	TLS certificate errors will be ignored for this session
[GFX1-]: Receive IPC close with reason=AbnormalShutdown
[GFX1-]: Receive IPC close with reason=AbnormalShutdown
[Child 14751, Chrome_ChildThread] WARNING: pipe error: Broken pipe: file /builds/worker/workspace/build/src/ipc/chromium/src/chrome/common/ipc_channel_posix.cc, line 729
[GFX1-]: Receive IPC close with reason=AbnormalShutdown
[GFX1-]: Receive IPC close with reason=AbnormalShutdown
1544420284846	mozrunner::runner	INFO	Running command: "/Applications/Firefox.app/Contents/MacOS/firefox-bin" "-marionette" "-headless" "-foreground" "-no-remote" "-profile" "/var/folders/9p/l8mzvp9d7rjfq5c9mcqqlmqh0000gn/T/rust_mozprofile.N5nq6FpFDaw4"
*** You are running in headless mode.
1544420287133	Marionette	INFO	Listening on port 51171
1544420287240	Marionette	WARN	TLS certificate errors will be ignored for this session
1544420289028	mozrunner::runner	INFO	Running command: "/Applications/Firefox.app/Contents/MacOS/firefox-bin" "-marionette" "-headless" "-foreground" "-no-remote" "-profile" "/var/folders/9p/l8mzvp9d7rjfq5c9mcqqlmqh0000gn/T/rust_mozprofile.SUSEQyt3vR63"
*** You are running in headless mode.
1544420292497	Marionette	INFO	Listening on port 51220
1544420292558	Marionette	WARN	TLS certificate errors will be ignored for this session
console.error: BroadcastService: 
  receivedBroadcastMessage: handler for
  remote-settings/monitor_changes
  threw error:
  Message: Error: Polling for changes failed: NetworkError when attempting to fetch resource..
  Stack:
    remoteSettingsFunction/remoteSettings.pollChanges@resource://services-settings/remote-settings.js:721:13

console.error: BroadcastService: 
  receivedBroadcastMessage: handler for
  remote-settings/monitor_changes
  threw error:
  Message: Error: Polling for changes failed: NetworkError when attempting to fetch resource..
  Stack:
    remoteSettingsFunction/remoteSettings.pollChanges@resource://services-settings/remote-settings.js:721:13

[GFX1-]: Receive IPC close with reason=AbnormalShutdown
[Child 14800, Chrome_ChildThread] WARNING: pipe error: Broken pipe: file /builds/worker/workspace/build/src/ipc/chromium/src/chrome/common/ipc_channel_posix.cc, line 729
[GFX1-]: Receive IPC close with reason=AbnormalShutdown
1544421055549	mozrunner::runner	INFO	Running command: "/Applications/Firefox.app/Contents/MacOS/firefox-bin" "-marionette" "-headless" "-foreground" "-no-remote" "-profile" "/var/folders/9p/l8mzvp9d7rjfq5c9mcqqlmqh0000gn/T/rust_mozprofile.JXHho8r50ELV"
*** You are running in headless mode.
1544421075535	mozrunner::runner	INFO	Running command: "/Applications/Firefox.app/Contents/MacOS/firefox-bin" "-marionette" "-headless" "-foreground" "-no-remote" "-profile" "/var/folders/9p/l8mzvp9d7rjfq5c9mcqqlmqh0000gn/T/rust_mozprofile.znI7SMc5fsom"
*** You are running in headless mode.
1544421077869	Marionette	INFO	Listening on port 51433
1544421077909	Marionette	WARN	TLS certificate errors will be ignored for this session
1544421079750	mozrunner::runner	INFO	Running command: "/Applications/Firefox.app/Contents/MacOS/firefox-bin" "-marionette" "-headless" "-foreground" "-no-remote" "-profile" "/var/folders/9p/l8mzvp9d7rjfq5c9mcqqlmqh0000gn/T/rust_mozprofile.nm4sphV71Cxk"
*** You are running in headless mode.
1544421083387	Marionette	INFO	Listening on port 51482
1544421083470	Marionette	WARN	TLS certificate errors will be ignored for this session
console.error: BroadcastService: 
  receivedBroadcastMessage: handler for
  remote-settings/monitor_changes
  threw error:
  Message: Error: Polling for changes failed: NetworkError when attempting to fetch resource..
  Stack:
    remoteSettingsFunction/remoteSettings.pollChanges@resource://services-settings/remote-settings.js:721:13

console.error: BroadcastService: 
  receivedBroadcastMessage: handler for
  remote-settings/monitor_changes
  threw error:
  Message: Error: Polling for changes failed: NetworkError when attempting to fetch resource..
  Stack:
    remoteSettingsFunction/remoteSettings.pollChanges@resource://services-settings/remote-settings.js:721:13

1544427902768	mozrunner::runner	INFO	Running command: "/Applications/Firefox.app/Contents/MacOS/firefox-bin" "-marionette" "-headless" "-foreground" "-no-remote" "-profile" "/var/folders/9p/l8mzvp9d7rjfq5c9mcqqlmqh0000gn/T/rust_mozprofile.lJfiwHXPNZNd"
*** You are running in headless mode.
1544427905469	Marionette	INFO	Listening on port 53657
1544427905571	Marionette	WARN	TLS certificate errors will be ignored for this session
1544432978828	mozrunner::runner	INFO	Running command: "/Applications/Firefox.app/Contents/MacOS/firefox-bin" "-marionette" "-headless" "-foreground" "-no-remote" "-profile" "/var/folders/9p/l8mzvp9d7rjfq5c9mcqqlmqh0000gn/T/rust_mozprofile.dsLsHli2Fcua"
*** You are running in headless mode.
1544432981152	Marionette	INFO	Listening on port 54549
1544432981201	Marionette	WARN	TLS certificate errors will be ignored for this session
1544432983000	mozrunner::runner	INFO	Running command: "/Applications/Firefox.app/Contents/MacOS/firefox-bin" "-marionette" "-headless" "-foreground" "-no-remote" "-profile" "/var/folders/9p/l8mzvp9d7rjfq5c9mcqqlmqh0000gn/T/rust_mozprofile.oQVaGqg8Iqig"
*** You are running in headless mode.
1544432986604	Marionette	INFO	Listening on port 54597
1544432986645	Marionette	WARN	TLS certificate errors will be ignored for this session
console.error: BroadcastService: 
  receivedBroadcastMessage: handler for
  remote-settings/monitor_changes
  threw error:
  Message: Error: Polling for changes failed: NetworkError when attempting to fetch resource..
  Stack:
    remoteSettingsFunction/remoteSettings.pollChanges@resource://services-settings/remote-settings.js:721:13

console.error: BroadcastService: 
  receivedBroadcastMessage: handler for
  remote-settings/monitor_changes
  threw error:
  Message: Error: Polling for changes failed: NetworkError when attempting to fetch resource..
  Stack:
    remoteSettingsFunction/remoteSettings.pollChanges@resource://services-settings/remote-settings.js:721:13

>>>>>>> Stashed changes
[GFX1-]: Receive IPC close with reason=AbnormalShutdown
[GFX1-]: Receive IPC close with reason=AbnormalShutdown
